<?xml version="1.0" encoding="UTF-8"?>
<!-- Generated by org.testng.reporters.JUnitReportReporter -->
<testsuite hostname="TR-2VV53Y3" failures="0" tests="2" name="tng.IntroductionNg" time="0.000" errors="0" timestamp="2023-10-24T22:08:38 BRT" skipped="0">
  <testcase classname="tng.IntroductionNg" name="Segundo" time="0.000"/>
  <system-out/>
  <testcase classname="tng.IntroductionNg" name="Primeiro" time="0.000"/>
  <system-out/>
</testsuite> <!-- tng.IntroductionNg -->
