<?xml version="1.0" encoding="UTF-8"?>
<!-- Generated by org.testng.reporters.JUnitReportReporter -->
<testsuite hostname="TR-2VV53Y3" failures="0" tests="3" name="tng.Annotations" time="0.008" errors="0" timestamp="2023-10-24T22:08:38 BRT" skipped="0">
  <testcase classname="tng.Annotations" name="FlightBooking" time="0.006"/>
  <system-out/>
  <testcase classname="tng.Annotations" name="OpeningBrowser" time="0.000"/>
  <system-out/>
  <testcase classname="tng.Annotations" name="FlightCancel" time="0.002"/>
  <system-out/>
</testsuite> <!-- tng.Annotations -->
