<?xml version="1.0" encoding="UTF-8"?>
<!-- Generated by org.testng.reporters.JUnitReportReporter -->
<testsuite hostname="TR-2VV53Y3" failures="0" tests="3" name="tng.IntroductionNg3" time="0.002" errors="0" timestamp="2023-10-24T22:08:38 BRT" skipped="0">
  <testcase classname="tng.IntroductionNg3" name="MobileLoginCarLoan" time="0.001"/>
  <system-out/>
  <testcase classname="tng.IntroductionNg3" name="LoginApiCarLoan" time="0.001"/>
  <system-out/>
  <testcase classname="tng.IntroductionNg3" name="WebloginCarLoan" time="0.000"/>
  <system-out/>
</testsuite> <!-- tng.IntroductionNg3 -->
